<?xml version="1.0" encoding="UTF-8"?>
<robot generator="Robot 3.2.2 (Python 3.7.0 on darwin)" generated="20201006 17:47:05.491" rpa="false">
<suite id="s1" name="Test Patient" source="/Users/mohan/Documents/Fitto/Test/Test_Patient.robot">
<test id="s1-t1" name="Admin Portal">
<kw name="Open Browser" library="Selenium2Library">
<doc>Opens a new browser instance to the optional ``url``.</doc>
<arguments>
<arg>${url}</arg>
<arg>${Browser}</arg>
</arguments>
<msg timestamp="20201006 17:47:05.738" level="INFO">Opening browser 'Firefox' to base url 'https://fitto-test.fitto-at.com/'.</msg>
<msg timestamp="20201006 17:47:05.740" level="INFO">Firefox driver log is always forced to to: /Users/mohan/Documents/Fitto/geckodriver-4.log</msg>
<status status="PASS" starttime="20201006 17:47:05.737" endtime="20201006 17:47:19.108"></status>
</kw>
<kw name="Sleep" library="BuiltIn">
<doc>Pauses the test executed for the given time.</doc>
<arguments>
<arg>2s</arg>
</arguments>
<msg timestamp="20201006 17:47:21.110" level="INFO">Slept 2 seconds</msg>
<status status="PASS" starttime="20201006 17:47:19.109" endtime="20201006 17:47:21.110"></status>
</kw>
<kw name="Maximize Browser Window" library="Selenium2Library">
<doc>Maximizes current browser window.</doc>
<status status="PASS" starttime="20201006 17:47:21.110" endtime="20201006 17:47:21.612"></status>
</kw>
<kw name="Sleep" library="BuiltIn">
<doc>Pauses the test executed for the given time.</doc>
<arguments>
<arg>3s</arg>
</arguments>
<msg timestamp="20201006 17:47:24.614" level="INFO">Slept 3 seconds</msg>
<status status="PASS" starttime="20201006 17:47:21.612" endtime="20201006 17:47:24.614"></status>
</kw>
<kw name="Input Text" library="Selenium2Library">
<doc>Types the given ``text`` into the text field identified by ``locator``.</doc>
<arguments>
<arg>xpath:/html/body/div/div/div/div[2]/div/div/div[2]/form/div/div[1]/input[1]</arg>
<arg>mohankumar.n@ambertag.com</arg>
</arguments>
<msg timestamp="20201006 17:47:24.614" level="INFO">Typing text 'mohankumar.n@ambertag.com' into text field 'xpath:/html/body/div/div/div/div[2]/div/div/div[2]/form/div/div[1]/input[1]'.</msg>
<status status="PASS" starttime="20201006 17:47:24.614" endtime="20201006 17:47:24.682"></status>
</kw>
<kw name="Sleep" library="BuiltIn">
<doc>Pauses the test executed for the given time.</doc>
<arguments>
<arg>1s</arg>
</arguments>
<msg timestamp="20201006 17:47:25.683" level="INFO">Slept 1 second</msg>
<status status="PASS" starttime="20201006 17:47:24.682" endtime="20201006 17:47:25.684"></status>
</kw>
<kw name="Input Text" library="Selenium2Library">
<doc>Types the given ``text`` into the text field identified by ``locator``.</doc>
<arguments>
<arg>xpath:/html/body/div/div/div/div[2]/div/div/div[2]/form/div/div[1]/input[2]</arg>
<arg>testtest</arg>
</arguments>
<msg timestamp="20201006 17:47:25.684" level="INFO">Typing text 'testtest' into text field 'xpath:/html/body/div/div/div/div[2]/div/div/div[2]/form/div/div[1]/input[2]'.</msg>
<status status="PASS" starttime="20201006 17:47:25.684" endtime="20201006 17:47:25.728"></status>
</kw>
<kw name="Sleep" library="BuiltIn">
<doc>Pauses the test executed for the given time.</doc>
<arguments>
<arg>3s</arg>
</arguments>
<msg timestamp="20201006 17:47:28.730" level="INFO">Slept 3 seconds</msg>
<status status="PASS" starttime="20201006 17:47:25.728" endtime="20201006 17:47:28.730"></status>
</kw>
<kw name="Click Element" library="Selenium2Library">
<doc>Click the element identified by ``locator``.</doc>
<arguments>
<arg>xpath:/html/body/div/div/div/div[2]/div/div/div[2]/form/div/div[3]/button[1]</arg>
</arguments>
<msg timestamp="20201006 17:47:28.731" level="INFO">Clicking element 'xpath:/html/body/div/div/div/div[2]/div/div/div[2]/form/div/div[3]/button[1]'.</msg>
<status status="PASS" starttime="20201006 17:47:28.730" endtime="20201006 17:47:28.973"></status>
</kw>
<kw name="Sleep" library="BuiltIn">
<doc>Pauses the test executed for the given time.</doc>
<arguments>
<arg>5s</arg>
</arguments>
<msg timestamp="20201006 17:47:33.974" level="INFO">Slept 5 seconds</msg>
<status status="PASS" starttime="20201006 17:47:28.973" endtime="20201006 17:47:33.975"></status>
</kw>
<kw name="Click Element" library="Selenium2Library">
<doc>Click the element identified by ``locator``.</doc>
<arguments>
<arg>xpath:/html/body/div/div/div[1]/div[2]/div[2]/div[1]/button</arg>
</arguments>
<msg timestamp="20201006 17:47:33.975" level="INFO">Clicking element 'xpath:/html/body/div/div/div[1]/div[2]/div[2]/div[1]/button'.</msg>
<kw name="Capture Page Screenshot" library="Selenium2Library">
<doc>Takes a screenshot of the current page and embeds it into a log file.</doc>
<msg timestamp="20201006 17:47:34.159" level="INFO" html="yes">&lt;/td&gt;&lt;/tr&gt;&lt;tr&gt;&lt;td colspan="3"&gt;&lt;a href="selenium-screenshot-1.png"&gt;&lt;img src="selenium-screenshot-1.png" width="800px"&gt;&lt;/a&gt;</msg>
<status status="PASS" starttime="20201006 17:47:33.982" endtime="20201006 17:47:34.159"></status>
</kw>
<msg timestamp="20201006 17:47:34.198" level="FAIL">Element with locator 'xpath:/html/body/div/div/div[1]/div[2]/div[2]/div[1]/button' not found.</msg>
<status status="FAIL" starttime="20201006 17:47:33.975" endtime="20201006 17:47:34.198"></status>
</kw>
<status status="FAIL" starttime="20201006 17:47:05.736" endtime="20201006 17:47:34.199" critical="yes">Element with locator 'xpath:/html/body/div/div/div[1]/div[2]/div[2]/div[1]/button' not found.</status>
</test>
<status status="FAIL" starttime="20201006 17:47:05.493" endtime="20201006 17:47:34.200"></status>
</suite>
<statistics>
<total>
<stat pass="0" fail="1">Critical Tests</stat>
<stat pass="0" fail="1">All Tests</stat>
</total>
<tag>
</tag>
<suite>
<stat pass="0" fail="1" id="s1" name="Test Patient">Test Patient</stat>
</suite>
</statistics>
<errors>
</errors>
</robot>
